<?xml version="1.0" encoding="UTF-8"?>
<testsuite name="se.kry.codetest.TestMainVerticle" tests="1" skipped="0" failures="0" errors="0" timestamp="2021-05-28T23:11:11" hostname="ebousfiha" time="0.854">
  <properties/>
  <testcase name="start_http_server(Vertx, VertxTestContext)" classname="se.kry.codetest.TestMainVerticle" time="0.854"/>
  <system-out><![CDATA[KRY code test service started
]]></system-out>
  <system-err><![CDATA[May 29, 2021 1:11:11 AM com.mchange.v2.log.MLog 
INFO: MLog clients using java 1.4+ standard logging.
May 29, 2021 1:11:11 AM com.mchange.v2.c3p0.C3P0Registry 
INFO: Initializing c3p0-0.9.5.2 [built 08-December-2015 22:06:04 -0800; debug? true; trace: 10]
]]></system-err>
</testsuite>
